Heap:
 garbage-first heap   total 78848K, used 17940K [0x00000000c1c00000, 0x0000000100000000)
  region size 1024K, 3 young (3072K), 3 survivors (3072K)
 Metaspace       used 39000K, capacity 40327K, committed 40444K, reserved 1093632K
  class space    used 4834K, capacity 5399K, committed 5504K, reserved 1048576K
GC Heap History (10 events):
Event: 36.408 GC heap before
{Heap before GC invocations=13 (full 0):
 garbage-first heap   total 65536K, used 30353K [0x00000000c1c00000, 0x0000000100000000)
  region size 1024K, 21 young (21504K), 5 survivors (5120K)
 Metaspace       used 34335K, capacity 35581K, committed 35708K, reserved 1081344K
  class space    used 4336K, capacity 4841K, committed 4864K, reserved 1048576K
}
Event: 36.431 GC heap after
{Heap after GC invocations=14 (full 0):
 garbage-first heap   total 65536K, used 15801K [0x00000000c1c00000, 0x0000000100000000)
  region size 1024K, 3 young (3072K), 3 survivors (3072K)
 Metaspace       used 34335K, capacity 35581K, committed 35708K, reserved 1081344K
  class space    used 4336K, capacity 4841K, committed 4864K, reserved 1048576K
}
Event: 36.971 GC heap before
{Heap before GC invocations=15 (full 0):
 garbage-first heap   total 65536K, used 49593K [0x00000000c1c00000, 0x0000000100000000)
  region size 1024K, 37 young (37888K), 3 survivors (3072K)
 Metaspace       used 35411K, capacity 36681K, committed 36860K, reserved 1081344K
  class space    used 4444K, capacity 4973K, committed 4992K, reserved 1048576K
}
Event: 36.988 GC heap after
{Heap after GC invocations=16 (full 0):
 garbage-first heap   total 65536K, used 16850K [0x00000000c1c00000, 0x0000000100000000)
  region size 1024K, 2 young (2048K), 2 survivors (2048K)
 Metaspace       used 35411K, capacity 36681K, committed 36860K, reserved 1081344K
  class space    used 4444K, capacity 4973K, committed 4992K, reserved 1048576K
}
Event: 37.268 GC heap before
{Heap before GC invocations=16 (full 0):
 garbage-first heap   total 65536K, used 49618K [0x00000000c1c00000, 0x0000000100000000)
  region size 1024K, 35 young (35840K), 2 survivors (2048K)
 Metaspace       used 35856K, capacity 37180K, committed 37500K, reserved 1081344K
  class space    used 4481K, capacity 5011K, committed 5120K, reserved 1048576K
}
Event: 37.280 GC heap after
{Heap after GC invocations=17 (full 0):
 garbage-first heap   total 78848K, used 16916K [0x00000000c1c00000, 0x0000000100000000)
  region size 1024K, 2 young (2048K), 2 survivors (2048K)
 Metaspace       used 35856K, capacity 37180K, committed 37500K, reserved 1081344K
  class space    used 4481K, capacity 5011K, committed 5120K, reserved 1048576K
}
Event: 38.734 GC heap before
{Heap before GC invocations=17 (full 0):
 garbage-first heap   total 78848K, used 54804K [0x00000000c1c00000, 0x0000000100000000)
  region size 1024K, 40 young (40960K), 2 survivors (2048K)
 Metaspace       used 37129K, capacity 38462K, committed 38652K, reserved 1083392K
  class space    used 4662K, capacity 5204K, committed 5248K, reserved 1048576K
}
Event: 38.748 GC heap after
{Heap after GC invocations=18 (full 0):
 garbage-first heap   total 78848K, used 17528K [0x00000000c1c00000, 0x0000000100000000)
  region size 1024K, 3 young (3072K), 3 survivors (3072K)
 Metaspace       used 37129K, capacity 38462K, committed 38652K, reserved 1083392K
  class space    used 4662K, capacity 5204K, committed 5248K, reserved 1048576K
}
Event: 45.628 GC heap before
{Heap before GC invocations=18 (full 0):
 garbage-first heap   total 78848K, used 27768K [0x00000000c1c00000, 0x0000000100000000)
  region size 1024K, 15 young (15360K), 3 survivors (3072K)
 Metaspace       used 39000K, capacity 40327K, committed 40444K, reserved 1091584K
  class space    used 4834K, capacity 5399K, committed 5504K, reserved 1048576K
}
Event: 45.644 GC heap after
{Heap after GC invocations=19 (full 0):
 garbage-first heap   total 78848K, used 17940K [0x00000000c1c00000, 0x0000000100000000)
  region size 1024K, 3 young (3072K), 3 survivors (3072K)
 Metaspace       used 39000K, capacity 40327K, committed 40444K, reserved 1091584K
  class space    used 4834K, capacity 5399K, committed 5504K, reserved 1048576K
}

